[debug] [2023-01-26T21:35:52.457Z] ----------------------------------------------------------------------
[debug] [2023-01-26T21:35:52.459Z] Command:       C:\Program Files\nodejs\node.exe C:\Users\yelsino\AppData\Roaming\npm\node_modules\firebase-tools\lib\bin\firebase.js deploy
[debug] [2023-01-26T21:35:52.460Z] CLI Version:   11.16.0
[debug] [2023-01-26T21:35:52.461Z] Platform:      win32
[debug] [2023-01-26T21:35:52.461Z] Node Version:  v16.17.0
[debug] [2023-01-26T21:35:52.462Z] Time:          Thu Jan 26 2023 16:35:52 GMT-0500 (hora estándar de Perú)
[debug] [2023-01-26T21:35:52.462Z] ----------------------------------------------------------------------
[debug] 
[debug] [2023-01-26T21:35:52.541Z] > command requires scopes: ["email","openid","https://www.googleapis.com/auth/cloudplatformprojects.readonly","https://www.googleapis.com/auth/firebase","https://www.googleapis.com/auth/cloud-platform"]
[debug] [2023-01-26T21:35:52.542Z] > authorizing via signed-in user (yelsinkuro@gmail.com)
[debug] [2023-01-26T21:35:52.542Z] [iam] checking project tienda-carlos for permissions ["firebase.projects.get","firebasehosting.sites.update"]
[debug] [2023-01-26T21:35:52.543Z] > refreshing access token with scopes: []
[debug] [2023-01-26T21:35:52.545Z] >>> [apiv2][query] POST https://www.googleapis.com/oauth2/v3/token [none]
[debug] [2023-01-26T21:35:52.545Z] >>> [apiv2][body] POST https://www.googleapis.com/oauth2/v3/token [omitted]
[debug] [2023-01-26T21:35:52.881Z] <<< [apiv2][status] POST https://www.googleapis.com/oauth2/v3/token 200
[debug] [2023-01-26T21:35:52.881Z] <<< [apiv2][body] POST https://www.googleapis.com/oauth2/v3/token [omitted]
[debug] [2023-01-26T21:35:52.897Z] >>> [apiv2][query] POST https://cloudresourcemanager.googleapis.com/v1/projects/tienda-carlos:testIamPermissions [none]
[debug] [2023-01-26T21:35:52.897Z] >>> [apiv2][(partial)header] POST https://cloudresourcemanager.googleapis.com/v1/projects/tienda-carlos:testIamPermissions x-goog-quota-user=projects/tienda-carlos
[debug] [2023-01-26T21:35:52.897Z] >>> [apiv2][body] POST https://cloudresourcemanager.googleapis.com/v1/projects/tienda-carlos:testIamPermissions {"permissions":["firebase.projects.get","firebasehosting.sites.update"]}
[debug] [2023-01-26T21:35:53.904Z] <<< [apiv2][status] POST https://cloudresourcemanager.googleapis.com/v1/projects/tienda-carlos:testIamPermissions 200
[debug] [2023-01-26T21:35:53.905Z] <<< [apiv2][body] POST https://cloudresourcemanager.googleapis.com/v1/projects/tienda-carlos:testIamPermissions {}
[debug] [2023-01-26T21:35:53.906Z] [iam] error while checking permissions, command may fail: FirebaseError: Authorization failed. This account is missing the following required permissions on project tienda-carlos:

  firebase.projects.get
  firebasehosting.sites.update
[debug] [2023-01-26T21:35:53.910Z] >>> [apiv2][query] GET https://firebase.googleapis.com/v1beta1/projects/tienda-carlos [none]
[debug] [2023-01-26T21:35:54.313Z] <<< [apiv2][status] GET https://firebase.googleapis.com/v1beta1/projects/tienda-carlos 403
[debug] [2023-01-26T21:35:54.314Z] <<< [apiv2][body] GET https://firebase.googleapis.com/v1beta1/projects/tienda-carlos {"error":{"code":403,"message":"The caller does not have permission","status":"PERMISSION_DENIED"}}
[debug] [2023-01-26T21:35:54.317Z] HTTP Error: 403, The caller does not have permission
[debug] [2023-01-26T21:35:54.533Z] FirebaseError: HTTP Error: 403, The caller does not have permission
    at responseToError (C:\Users\yelsino\AppData\Roaming\npm\node_modules\firebase-tools\lib\responseToError.js:49:12)
    at RetryOperation._fn (C:\Users\yelsino\AppData\Roaming\npm\node_modules\firebase-tools\lib\apiv2.js:288:77)
    at processTicksAndRejections (node:internal/process/task_queues:96:5)
[error] 
[error] Error: Failed to get Firebase project tienda-carlos. Please make sure the project exists and your account has permission to access it.
[debug] [2023-01-26T22:53:55.564Z] ----------------------------------------------------------------------
[debug] [2023-01-26T22:53:55.570Z] Command:       C:\Program Files\nodejs\node.exe C:\Users\yelsino\AppData\Roaming\npm\node_modules\firebase-tools\lib\bin\firebase.js deploy
[debug] [2023-01-26T22:53:55.571Z] CLI Version:   11.16.0
[debug] [2023-01-26T22:53:55.571Z] Platform:      win32
[debug] [2023-01-26T22:53:55.571Z] Node Version:  v16.17.0
[debug] [2023-01-26T22:53:55.572Z] Time:          Thu Jan 26 2023 17:53:55 GMT-0500 (hora estándar de Perú)
[debug] [2023-01-26T22:53:55.572Z] ----------------------------------------------------------------------
[debug] 
[debug] [2023-01-26T22:53:55.727Z] > command requires scopes: ["email","openid","https://www.googleapis.com/auth/cloudplatformprojects.readonly","https://www.googleapis.com/auth/firebase","https://www.googleapis.com/auth/cloud-platform"]
[debug] [2023-01-26T22:53:55.735Z] > authorizing via signed-in user (yelsinkuro@gmail.com)
[debug] [2023-01-26T22:53:55.736Z] [iam] checking project tienda-carlos for permissions ["firebase.projects.get","firebasehosting.sites.update"]
[debug] [2023-01-26T22:53:55.739Z] > refreshing access token with scopes: []
[debug] [2023-01-26T22:53:55.741Z] >>> [apiv2][query] POST https://www.googleapis.com/oauth2/v3/token [none]
[debug] [2023-01-26T22:53:55.741Z] >>> [apiv2][body] POST https://www.googleapis.com/oauth2/v3/token [omitted]
[debug] [2023-01-26T22:53:56.185Z] <<< [apiv2][status] POST https://www.googleapis.com/oauth2/v3/token 200
[debug] [2023-01-26T22:53:56.186Z] <<< [apiv2][body] POST https://www.googleapis.com/oauth2/v3/token [omitted]
[debug] [2023-01-26T22:53:56.205Z] >>> [apiv2][query] POST https://cloudresourcemanager.googleapis.com/v1/projects/tienda-carlos:testIamPermissions [none]
[debug] [2023-01-26T22:53:56.205Z] >>> [apiv2][(partial)header] POST https://cloudresourcemanager.googleapis.com/v1/projects/tienda-carlos:testIamPermissions x-goog-quota-user=projects/tienda-carlos
[debug] [2023-01-26T22:53:56.205Z] >>> [apiv2][body] POST https://cloudresourcemanager.googleapis.com/v1/projects/tienda-carlos:testIamPermissions {"permissions":["firebase.projects.get","firebasehosting.sites.update"]}
[debug] [2023-01-26T22:53:57.428Z] <<< [apiv2][status] POST https://cloudresourcemanager.googleapis.com/v1/projects/tienda-carlos:testIamPermissions 200
[debug] [2023-01-26T22:53:57.429Z] <<< [apiv2][body] POST https://cloudresourcemanager.googleapis.com/v1/projects/tienda-carlos:testIamPermissions {}
[debug] [2023-01-26T22:53:57.431Z] [iam] error while checking permissions, command may fail: FirebaseError: Authorization failed. This account is missing the following required permissions on project tienda-carlos:

  firebase.projects.get
  firebasehosting.sites.update
[debug] [2023-01-26T22:53:57.441Z] >>> [apiv2][query] GET https://firebase.googleapis.com/v1beta1/projects/tienda-carlos [none]
[debug] [2023-01-26T22:53:57.958Z] <<< [apiv2][status] GET https://firebase.googleapis.com/v1beta1/projects/tienda-carlos 403
[debug] [2023-01-26T22:53:57.958Z] <<< [apiv2][body] GET https://firebase.googleapis.com/v1beta1/projects/tienda-carlos {"error":{"code":403,"message":"The caller does not have permission","status":"PERMISSION_DENIED"}}
[debug] [2023-01-26T22:53:57.964Z] HTTP Error: 403, The caller does not have permission
[debug] [2023-01-26T22:53:58.242Z] FirebaseError: HTTP Error: 403, The caller does not have permission
    at responseToError (C:\Users\yelsino\AppData\Roaming\npm\node_modules\firebase-tools\lib\responseToError.js:49:12)
    at RetryOperation._fn (C:\Users\yelsino\AppData\Roaming\npm\node_modules\firebase-tools\lib\apiv2.js:288:77)
    at processTicksAndRejections (node:internal/process/task_queues:96:5)
[error] 
[error] Error: Failed to get Firebase project tienda-carlos. Please make sure the project exists and your account has permission to access it.
